<?xml version="1.0" encoding="UTF-8"?>
<!-- Generated by org.testng.reporters.JUnitReportReporter -->
<testsuite hostname="OSXs-MacBook-Pro.local" failures="0" tests="2" name="SandBoxTest.LoginTest" time="8.830" errors="0" timestamp="2020-05-16T16:25:12 CEST" skipped="0">
  <testcase classname="SandBoxTest.LoginTest" name="testValidUserLogin" time="5.514"/>
  <system-out/>
  <testcase classname="SandBoxTest.LoginTest" name="testUserCannotLoginWithoutRegistration" time="3.316"/>
  <system-out/>
</testsuite> <!-- SandBoxTest.LoginTest -->
